set /a num=%@random%/3277 + 1
set menu=()/BOOT/Grub/themes/menu%num%
gfxmenu /BOOT/Grub/themes/menu%num%.GFX
configfile (bd)/BOOT/Grub/menus/PASSWORD.lst

iftitle [if exist /FILES/FDD/APC5.img] Active Password Changer 5
find --set-root --ignore-floppies /FILES/FDD/APC5.img
map --mem /FILES/FDD/APC5.img (fd0)
map --hook
chainloader (fd0)+1
rootnoverify (fd0)

iftitle [if exist /FILES/FDD/KONBOOT25.img] Kon-Boot for Windows 2.5.0
map --mem /FILES/FDD/KONBOOT25.img (fd0)
map --hook
chainloader (fd0)+1
map (hd1) (hd0)
map --hook
rootnoverify (fd0)

title Back Main Menu
find --set-root --ignore-floppies --ignore-cd /BOOT/Grub/menu.lst
configfile /BOOT/Grub/menu.lst